Removed Pin From Net: NetName=+5 Pin=D1-2
Removed Pin From Net: NetName=+5 Pin=JDC-1
Removed Pin From Net: NetName=+5 Pin=R2-2
Removed Pin From Net: NetName=ADC_Ampe Pin=R6-2
Removed Pin From Net: NetName=+5 Pin=RL1-4
Removed Member From Class: ClassName=Sheet1 Member=R6
Change Component Comment : Designator=R9 Old Comment=1k New Comment=2k
Change Component Comment : Designator=R3 Old Comment=Res New Comment=1k
Change Component Comment : Designator=R1 Old Comment=Res New Comment=10k
Change Component Comment : Designator=R4 Old Comment=Res New Comment=10k
Added Component: Designator=C7(CA-ALU-6.3)
Add component (AddParameter): Name = "LatestRevisionDate"; Value = "17-Jul-2002"; VariantName = "[No Variations]"
Add component (AddParameter): Name = "LatestRevisionNote"; Value = "Re-released for DXP Platform."; VariantName = "[No Variations]"
Add component (AddParameter): Name = "PackageReference"; Value = "C1206"; VariantName = "[No Variations]"
Add component (AddParameter): Name = "Publisher"; Value = "Altium Limited"; VariantName = "[No Variations]"
Add component (AddParameter): Name = "Value"; Value = "104"; VariantName = "[No Variations]"
Added Component: Designator=C8(CA-ALU-6.3)
Add component (AddParameter): Name = "LatestRevisionDate"; Value = "17-Jul-2002"; VariantName = "[No Variations]"
Add component (AddParameter): Name = "LatestRevisionNote"; Value = "Re-released for DXP Platform."; VariantName = "[No Variations]"
Add component (AddParameter): Name = "PackageReference"; Value = "C1206"; VariantName = "[No Variations]"
Add component (AddParameter): Name = "Publisher"; Value = "Altium Limited"; VariantName = "[No Variations]"
Add component (AddParameter): Name = "Value"; Value = "104"; VariantName = "[No Variations]"
Added Component: Designator=D2(DIO-1A)
Add component (AddParameter): Name = "Code - JEDEC"; Value = "DO-214-AB"; VariantName = "[No Variations]"
Add component (AddParameter): Name = "Published"; Value = "8-Jun-2000"; VariantName = "[No Variations]"
Add component (AddParameter): Name = "Publisher"; Value = "Altium Limited"; VariantName = "[No Variations]"
Add component (AddParameter): Name = "Revision"; Value = "July-2002: Re-released for DXP Platform."; VariantName = "[No Variations]"
Add component (AddParameter): Name = "Value"; Value = "1N5007"; VariantName = "[No Variations]"
Added Pin To Net: NetName=GND Pin=C7-2
Added Pin To Net: NetName=+5 Pin=C8-1
Added Pin To Net: NetName=GND Pin=C8-2
Added Pin To Net: NetName=+5 Pin=D2-2
Added Pin To Net: NetName=ADC_Ampe Pin=R9-2
Added Pin To Net: NetName=SDA Pin=U1-26
Added Pin To Net: NetName=SCL Pin=U1-29
Added Pin To Net: NetName=VCC Pin=C7-1
Added Pin To Net: NetName=VCC Pin=D1-2
Added Pin To Net: NetName=VCC Pin=D2-1
Added Pin To Net: NetName=VCC Pin=JDC-1
Added Pin To Net: NetName=VCC Pin=R2-2
Added Pin To Net: NetName=VCC Pin=RL1-4
Added Net: Name=VCC
Added Member To Class: ClassName=Sheet1 Member=Component C7 100uF
Added Member To Class: ClassName=Sheet1 Member=Component C8 100uF
Added Member To Class: ClassName=Sheet1 Member=Component D2 Diode
